<?xml version="1.0" encoding="UTF-8"?>
<testsuite name="io.ratel.commentstatprocessor.SchoolNameExtractorTest" tests="7" skipped="0" failures="0" errors="0" timestamp="2025-03-22T01:50:57.364Z" hostname="Dorriss-MacBook-Pro.local" time="0.03">
  <properties/>
  <testcase name="[성공] 학교이름(정식명칭)한개 추출" classname="io.ratel.commentstatprocessor.SchoolNameExtractorTest" time="0.022"/>
  <testcase name="[성공] 학교이름(약어) 한개 추출" classname="io.ratel.commentstatprocessor.SchoolNameExtractorTest" time="0.001"/>
  <testcase name="[성공] 학교이름(정식명칭) 5개 추출" classname="io.ratel.commentstatprocessor.SchoolNameExtractorTest" time="0.002"/>
  <testcase name="[성공] 학교이름(공백 및 특수문자 포함) 한개 추출" classname="io.ratel.commentstatprocessor.SchoolNameExtractorTest" time="0.0"/>
  <testcase name="[실패] 학교이름 유사 단어가 포함되어도 추출되지 않아야 함" classname="io.ratel.commentstatprocessor.SchoolNameExtractorTest" time="0.001"/>
  <testcase name="[성공] 학교이름(공백 및 특수문자 포함) 5개 추출" classname="io.ratel.commentstatprocessor.SchoolNameExtractorTest" time="0.001"/>
  <testcase name="[성공] 학교이름(약어) 5개 추출" classname="io.ratel.commentstatprocessor.SchoolNameExtractorTest" time="0.0"/>
  <system-out><![CDATA[>>>> [서울대학교, 충암고등학교, 부산고등학교, 연세대학교, 고려대학교]
]]></system-out>
  <system-err><![CDATA[]]></system-err>
</testsuite>
